2 432948736
3 464195387
4 411728896
5 408203125
6 447238656
7 565172343
8 895225856
9 392745289
10 0
11 172666611
12 454012416
13 255045053
14 567502336
15 380859375
16 290415616
17 720085777
18 354315776
19 609963179
20 0
21 460652421
22 551504896
23 75718247
24 76734976
25 447265625
26 184203776
27 813802083
28 662250496
29 441726669
30 0
31 23806431
32 809074176
33 573831713
34 256162816
35 748046875
36 910107136
37 332288917
38 777622016
39 452508759
40 0
41 365537641
42 680928256
43 970801107
44 137081856
45 548828125
46 404189696
47 612739023
48 789582336
49 218182449
50 0
51 415815051
52 47835136
53 10097573
54 969348096
55 115234375
56 517075456
57 879688057
58 717843456
59 689020739
60 0
61 528167661
62 929122816
63 28011967
64 229377536
65 837890625
66 157948416
67 955879163
68 408677376
69 458696629
70 0
71 530684471
72 130679296
73 194186633
74 492146176
75 107421875
76 862552576
77 140275197
78 646916096
79 119283119
80 0
81 771014481
82 908952576
83 822558827
84 327190016
85 439453125
86 625191936
87 975678503
88 403951616
89 282253209
90 0
91 895366691
92 530950656
93 695002893
94 178605056
95 349609375
96 634730496
97 508682337
98 941735936
99 245479899
100 0
101 901510101
102 410241536
103 338289687
104 989047296
105 478515625
106 354592256
107 287153043
108 292781056
109 686236189
110 0
111 805773711
112 298953216
113 84010353
114 127732736
115 466796875
116 186761216
117 996181477
118 436158976
119 160195079
120 0
121 64046521
122 815773696
123 871692547
124 982437376
125 80078125
126 759781376
127 499878783
128 289501696
129 586429569
130 0
131 686777531
132 389950976
133 367233013
134 375497216
135 83984375
136 680756736
137 742684617
138 437001216
139 298412659
140 0
141 787975741
142 501293056
143 567895407
144 763808256
145 369140625
146 391351296
147 897991723
148 313409536
149 641017349
150 0
151 108210151
152 896167936
153 985254873
154 982826496
155 826171875
156 567789056
157 743757
158 364038656
159 493516639
160 0
161 851609761
162 259503616
163 828666267
164 94567936
165 470703125
166 304854016
167 688187863
168 500760576
169 498583529
170 0
171 976863571
172 622788096
173 981219933
174 699608576
175 318359375
176 123890176
177 351550897
178 974007296
179 177291019
180 0
181 882220581
182 588069376
183 632413127
184 873084416
185 509765625
186 644801536
187 615723203
188 580770816
189 510112109
190 0
191 224489791
192 247955456
193 336832193
194 684691456
195 185546875
196 562052096
197 712938037
198 928603136
199 963919799
200 0
201 412040201
202 481614336
203 606183987
204 62685696
205 611328125
206 364665856
207 148413743
208 275616256
209 344987089
210 0
211 111800811
212 106774016
213 876355653
214 561883136
215 52734375
216 40226816
217 499377177
218 266482176
219 257986979
220 0
221 910260621
222 167722496
223 489666847
224 395659776
225 900390625
226 802878976
227 828635483
228 684432896
229 350992469
230 0
231 68468631
232 439307776
233 538614313
234 891951616
235 544921875
236 685326336
237 93980317
238 139260416
239 926476559
240 0
241 111033841
242 26937856
243 431189707
244 333254656
245 501953125
246 634832896
247 793324423
248 411316736
249 898312249
250 0
251 789125251
252 742580736
253 216992173
254 940624896
255 287109375
256 553222656
257 592499457
258 971513856
259 474772539
260 0
261 757471861
262 736764416
263 355720567
264 561678336
265 541015625
266 520879616
267 861976563
268 997323776
269 347530429
270 0
271 105362671
272 666576896
273 767433233
274 422590976
275 904296875
276 244747776
277 579326597
278 4778496
279 566658919
280 0
281 681646681
282 479666176
283 444867427
284 104098816
285 142578125
286 570331136
287 992647903
288 16470016
289 681631009
290 0
291 953732891
292 694240256
293 184441493
294 701497856
295 21484375
296 697693696
297 495493737
298 985550336
299 128319699
300 0
301 940590301
302 855067136
303 568878287
304 928644096
305 431640625
306 541459456
307 305954443
308 995731456
309 241997989
310 0
311 559747911
312 645474816
313 345080953
314 725953536
315 263671875
316 474812416
317 958672877
318 557285376
319 676338879
320 0
321 528294721
322 935351296
323 310641147
324 732402176
325 533203125
326 497496576
327 277072183
328 119044096
329 408415369
330 0
331 757879731
332 845144576
333 120975613
334 781526016
335 255859375
336 667815936
337 195176017
338 716399616
339 909700459
340 0
341 983711941
342 705862656
343 21684007
344 381421056
345 572265625
346 438634496
347 95737123
348 475303936
349 463067149
350 0
351 167560351
352 595073536
353 58309473
354 938743296
355 623046875
356 337376256
357 543955157
358 492269056
359 5788439
360 0
361 14753961
362 928905216
363 150174867
364 286708736
365 673828125
366 230025216
367 594245263
368 410366976
369 278537329
370 0
371 745181771
372 390045696
373 225826533
374 877093376
375 990234375
376 209125376
377 792602297
378 811229696
379 460386819
380 0
381 58292781
382 271742976
383 880921727
384 796233216
385 962890625
386 945780736
387 543452603
388 343049216
389 869809909
390 0
391 32095991
392 117805056
393 230830793
394 565024256
395 982421875
396 145655296
397 905349437
398 304577536
399 711679599
400 0
401 496160401
402 338599936
403 927372587
404 482922496
405 564453125
406 548973056
407 516775143
408 205126656
409 250268889
410 0
411 218615011
412 283055616
413 803186253
414 75943936
415 224609375
416 714518016
417 503068577
418 620568576
419 188250779
420 0
421 47148821
422 46660096
423 115615447
424 8664576
425 603515625
426 627634176
427 922188883
428 465335296
429 431698269
430 0
431 944010831
432 95461376
433 747316913
434 620220416
435 341796875
436 972225536
437 255271717
438 600418816
439 821084359
440 0
441 655010041
442 586067456
443 200378307
444 44307456
445 205078125
446 706756096
447 202229823
448 497371136
449 808282049
450 0
451 552515451
452 61646336
453 462206773
454 673181696
455 958984375
456 384249856
457 144110857
458 478304256
459 459564339
460 0
461 992456061
462 3926016
463 153029167
464 525659136
465 494140625
466 456290816
467 601993963
468 851890176
469 564604229
470 0
471 325320871
472 521194496
473 629399833
474 879115776
475 701171875
476 601022976
477 360377997
478 65360896
479 31474719
480 0
481 501158881
482 252299776
483 961576027
484 325487616
485 595703125
486 915150336
487 305137303
488 792508416
489 147648809
490 0
491 8579091
492 366649856
493 69000093
494 211270656
495 193359375
496 609936896
497 391505137
498 677684736
499 686999499
500 0
501 687750501
502 340212736
503 782666887
504 221520896
505 634765625
506 651206656
507 137875843
508 255801856
509 242799789
510 0
511 757402111
512 987516416
513 163671553
514 667854336
515 60546875
516 583343616
517 661564277
518 368331776
519 566722679
520 0
521 195822921
522 29648896
523 85589747
524 840446976
525 736328125
526 577291776
527 440985583
528 195306496
529 93841169
530 0
531 415861931
532 278258176
533 650638213
534 584034816
535 927734375
536 542555136
537 883267417
538 823318016
539 233628259
540 0
541 973928141
542 315552256
543 228272607
544 57913856
545 25390625
546 943197696
547 109802523
548 69518336
549 406956949
550 0
551 852990551
552 350299136
553 981684073
554 439940096
555 419921875
556 757843456
557 81966557
558 81619456
559 209100239
560 0
561 659578161
562 729826816
563 705283467
564 134529536
565 626953125
566 823676416
567 202222663
568 33893376
569 478731129
570 0
571 874779971
572 388023296
573 851153133
574 844658176
575 162109375
576 604440576
577 51653697
578 39172096
579 452922619
580 0
581 99244981
582 309336576
583 107830327
584 667862016
585 666015625
586 222439936
587 914702003
588 196847616
589 588147709
590 0
591 32182191
592 888774656
593 891949393
594 176237056
595 779296875
596 394538496
597 802960837
598 496871936
599 27279399
600 0
601 724360601
602 867905536
603 635761187
604 240439296
605 267578125
606 712160256
607 126256543
608 99757056
609 92590689
610 0
611 445109211
612 326857216
613 939536853
614 157684736
615 896484375
616 505289216
617 363159977
618 312574976
619 584754579
620 0
621 303317021
622 12317696
623 801564047
624 443749376
625 556640625
626 330469376
627 110462283
628 380957696
629 67844069
630 0
631 562433031
632 81534976
633 663939513
634 448969216
635 138671875
636 922804736
637 88163117
638 17097216
639 720332159
640 0
641 389466241
642 142317056
643 766366907
644 758240256
645 658203125
646 251959296
647 415455223
648 383745536
649 732091849
650 0
651 577985651
652 269031936
653 769741373
654 135018496
655 130859375
656 122157056
657 446522257
658 54214656
659 627396139
660 0
661 585120261
662 474607616
663 547937767
664 569319936
665 697265625
666 556182016
667 311931363
668 268376576
669 293918029
670 0
671 22559071
672 918532096
673 364086433
674 789720576
675 498046875
676 3378176
677 35429397
678 604663296
679 897730519
680 0
681 541551081
682 930853376
683 140684627
684 399356416
685 798828125
686 211649536
687 609146703
688 988066816
689 264306609
690 0
691 851905291
692 732179456
693 492678693
694 595923456
695 865234375
696 403460096
697 388716537
698 754139136
699 705519299
700 0
701 414990701
702 529678336
703 387655487
704 235677696
705 87890625
706 195833856
707 38917243
708 288992256
709 672641589
710 0
711 150736311
712 469078016
713 243782153
714 801435136
715 857421875
716 504354816
717 936855677
718 565298176
719 15346479
720 0
721 298631121
722 722666496
723 244538347
724 634571776
725 689453125
726 471166976
727 807618983
728 694288896
729 26706969
730 0
731 372724131
732 793291776
733 220220813
734 591023616
735 99609375
736 256974336
737 278958817
738 413756416
739 854196059
740 0
741 950624341
742 914361856
743 875661207
744 81286656
745 728515625
746 337040896
747 316187923
748 232052736
749 256686749
750 0
751 836500751
752 225844736
753 579378673
754 254416896
755 216796875
756 741190656
757 726777957
758 748089856
759 87452039
760 0
761 938082361
762 206268416
763 821992067
764 886030336
765 330078125
766 477807616
767 448120063
768 467339776
769 283164929
770 0
771 997658171
772 640720896
773 241199733
774 330302976
775 833984375
776 181835776
777 880705097
778 233834496
779 538898419
780 0
781 117077181
782 204850176
783 281138927
784 695970816
785 619140625
786 826779136
787 225471403
788 198166016
789 249125509
790 0
791 816748391
792 544864256
793 264187993
794 206329856
795 576171875
796 140701696
797 797772237
798 41486336
799 694719199
800 0
801 168640801
802 533531136
803 339349787
804 503236096
805 720703125
806 166227456
807 32857943
808 975507456
809 855952489
810 0
811 343283411
812 182178816
813 789407453
814 455105536
815 68359375
816 204540416
817 111651377
818 838501376
819 631498379
820 0
821 710765221
822 488695296
823 795512647
824 828914176
825 759765625
826 183384576
827 9455683
828 407300096
829 643429869
830 0
831 435735231
832 301528576
833 352482113
834 986198016
835 935546875
836 289063936
837 264654517
838 845295616
839 208219959
840 0
841 306402441
842 79686656
843 17155507
844 563053056
845 861328125
846 502442496
847 609000623
848 6439936
849 453741649
850 0
851 337535851
852 228737536
853 763595973
854 894135296
855 802734375
856 478944256
857 811733657
858 115245056
859 962267939
860 0
861 487464461
862 492809216
863 68446367
864 740660736
865 150390625
866 12553216
867 727788763
868 142782976
869 719471829
870 0
871 629077271
872 682589696
873 155493033
874 682405376
875 294921875
876 123813376
877 556480797
878 998685696
879 549426319
880 0
881 714823281
882 819326976
883 150193227
884 333705216
885 751953125
886 611828736
887 200676103
888 459145216
889 615604409
890 0
891 875711491
892 574829056
893 199477293
894 343456256
895 37109375
896 710263296
897 79127937
898 550913536
899 967879099
900 0
901 994310901
902 687463936
903 191844087
904 939114496
905 791015625
906 287341056
907 865078643
908 911302656
909 515523389
910 0
911 91750511
912 834159616
913 889412753
914 574695936
915 654296875
916 829846016
917 16547077
918 444184576
919 206210279
920 0
921 668719321
922 238404096
923 235486947
924 42776576
925 392578125
926 251122176
927 792972383
928 391991296
929 591012769
930 0
931 940466331
932 94245376
933 693723413
934 210492416
935 771484375
936 363073536
937 254250217
938 743714816
939 355403859
940 0
941 705800541
942 686291456
943 51849807
944 339539456
945 681640625
946 652164096
947 690893323
948 698907136
949 796256549
950 0
951 390090951
952 885710336
953 275393273
954 750173696
955 13671875
956 799417856
957 990389357
958 707680256
959 624843839
960 0
961 602266561
962 502230016
963 228300667
964 389211136
965 783203125
966 184418816
967 867937463
968 406706176
969 875838729
970 0
971 345816371
972 772138496
973 379966333
974 662027776
975 5859375
976 413310976
977 431756497
978 571216896
979 102314219
980 0
981 823789381
982 62283776
983 768847527
984 688559616
985 822265625
986 710798336
987 571760803
988 3004416
989 436743309
990 0
991 577794591
992 670073856
993 891546593
994 943302656
995 373046875
996 816144896
997 681783637
998 74420736
999 497998999
1000 0
